[
  {
    "keyword": "Feature",
    "name": "Test Web Open Cruise",
    "line": 1,
    "id": "test-web-open-cruise",
    "tags": [],
    "uri": "OpenCruise.feature",
    "elements": [
      {
        "id": "test-web-open-cruise;se-connecter-compte-valide",
        "keyword": "Scenario",
        "line": 7,
        "name": "Se Connecter Compte Valide",
        "tags": [
          {
            "name": "@smoke",
            "line": 6
          }
        ],
        "type": "scenario",
        "steps": [
          {
            "arguments": [],
            "keyword": "Given ",
            "line": 4,
            "name": "I visit the application",
            "result": {
              "status": "passed",
              "duration": 746000000
            }
          },
          {
            "arguments": [],
            "keyword": "When ",
            "line": 8,
            "name": "I connect with valid credentials",
            "result": {
              "status": "passed",
              "duration": 683000000
            }
          },
          {
            "arguments": [],
            "keyword": "Then ",
            "line": 9,
            "name": "I should see the welcome messagep",
            "result": {
              "status": "failed",
              "duration": 4367000000,
              "error_message": "AssertionError: Timed out retrying after 4000ms: Expected to find element: `//button[@id=\"dropdownMenu2\"]`, but never found it.\n    at LoginPage.checkConnection (cypress/e2e/pages/LoginPage.js:27:39)\n    at LoginStep.checkMessage (cypress/e2e/steps/LoginStep.js:13:14)\n    at Context.eval (cypress/e2e/cyp_cucumber/OpenCruise/OpenCruise.js:17:12)\n    at Context.resolveAndRunStepDefinition (node_modules/cypress-cucumber-preprocessor/lib/resolveStepDefinition.js:193:0)\n    at Context.eval (node_modules/cypress-cucumber-preprocessor/lib/createTestFromScenario.js:27:0)"
            }
          },
          {
            "arguments": [],
            "keyword": "And ",
            "line": 10,
            "name": "I take a screenshot",
            "result": {
              "status": "skipped"
            }
          }
        ]
      },
      {
        "id": "test-web-open-cruise;se-connecter-compte-invalide",
        "keyword": "Scenario",
        "line": 12,
        "name": "Se connecter Compte invalide",
        "tags": [],
        "type": "scenario",
        "steps": [
          {
            "arguments": [],
            "keyword": "Given ",
            "line": 4,
            "name": "I visit the application",
            "result": {
              "status": "passed",
              "duration": 329000000
            }
          },
          {
            "arguments": [],
            "keyword": "When ",
            "line": 13,
            "name": "I connect with invalid credentials",
            "result": {
              "status": "passed",
              "duration": 1555000000
            }
          },
          {
            "arguments": [],
            "keyword": "Then ",
            "line": 14,
            "name": "I should see an error message1",
            "result": {
              "status": "passed",
              "duration": 161000000
            }
          }
        ]
      },
      {
        "id": "test-web-open-cruise;inscription-compte-particulier",
        "keyword": "Scenario",
        "line": 16,
        "name": "Inscription Compte Particulier",
        "tags": [],
        "type": "scenario",
        "steps": [
          {
            "arguments": [],
            "keyword": "Given ",
            "line": 4,
            "name": "I visit the application",
            "result": {
              "status": "passed",
              "duration": 272000000
            }
          },
          {
            "arguments": [],
            "keyword": "When ",
            "line": 17,
            "name": "I have created a Particulier account",
            "result": {
              "status": "passed",
              "duration": 6901000000
            }
          },
          {
            "arguments": [],
            "keyword": "And ",
            "line": 18,
            "name": "I connect as Admin",
            "result": {
              "status": "failed",
              "error_message": "CypressError: `cy.type()` can only be called on a single element. Your subject contained 2 elements.\n\nhttps://on.cypress.io/type\n    at Context.type (http://opencruise-ko.sogeti-center.cloud/__cypress/runner/cypress_runner.js:143747:76)\n    at wrapped (http://opencruise-ko.sogeti-center.cloud/__cypress/runner/cypress_runner.js:160610:19)\nFrom Your Spec Code:\n    at LoginPage.setUsername (cypress/e2e/pages/LoginPage.js:15:42)\n    at LoginStep.setLogin (cypress/e2e/steps/LoginStep.js:7:14)\n    at Context.eval (cypress/e2e/cyp_cucumber/OpenCruise/OpenCruise.js:57:12)\n    at Context.resolveAndRunStepDefinition (node_modules/cypress-cucumber-preprocessor/lib/resolveStepDefinition.js:193:0)\n    at Context.eval (node_modules/cypress-cucumber-preprocessor/lib/createTestFromScenario.js:27:0)"
            }
          },
          {
            "arguments": [],
            "keyword": "And ",
            "line": 19,
            "name": "I activate the account",
            "result": {
              "status": "skipped"
            }
          },
          {
            "arguments": [],
            "keyword": "And ",
            "line": 20,
            "name": "I logout",
            "result": {
              "status": "skipped"
            }
          },
          {
            "arguments": [],
            "keyword": "And ",
            "line": 21,
            "name": "I login with the created account",
            "result": {
              "status": "skipped"
            }
          },
          {
            "arguments": [],
            "keyword": "Then ",
            "line": 22,
            "name": "I should see the welcome message",
            "result": {
              "status": "skipped"
            }
          }
        ]
      },
      {
        "id": "test-web-open-cruise;inscription-compte-professionnel",
        "keyword": "Scenario",
        "line": 24,
        "name": "Inscription Compte Professionnel",
        "tags": [],
        "type": "scenario",
        "steps": [
          {
            "arguments": [],
            "keyword": "Given ",
            "line": 4,
            "name": "I visit the application",
            "result": {
              "status": "passed",
              "duration": 351000000
            }
          },
          {
            "arguments": [],
            "keyword": "When ",
            "line": 25,
            "name": "I have created a Professionnel account",
            "result": {
              "status": "passed",
              "duration": 6362000000
            }
          },
          {
            "arguments": [],
            "keyword": "And ",
            "line": 26,
            "name": "I connect as Admin",
            "result": {
              "status": "failed",
              "error_message": "CypressError: `cy.type()` can only be called on a single element. Your subject contained 2 elements.\n\nhttps://on.cypress.io/type\n    at Context.type (http://opencruise-ko.sogeti-center.cloud/__cypress/runner/cypress_runner.js:143747:76)\n    at wrapped (http://opencruise-ko.sogeti-center.cloud/__cypress/runner/cypress_runner.js:160610:19)\nFrom Your Spec Code:\n    at LoginPage.setUsername (cypress/e2e/pages/LoginPage.js:15:42)\n    at LoginStep.setLogin (cypress/e2e/steps/LoginStep.js:7:14)\n    at Context.eval (cypress/e2e/cyp_cucumber/OpenCruise/OpenCruise.js:57:12)\n    at Context.resolveAndRunStepDefinition (node_modules/cypress-cucumber-preprocessor/lib/resolveStepDefinition.js:193:0)\n    at Context.eval (node_modules/cypress-cucumber-preprocessor/lib/createTestFromScenario.js:27:0)"
            }
          },
          {
            "arguments": [],
            "keyword": "And ",
            "line": 27,
            "name": "I activate the accountP",
            "result": {
              "status": "skipped"
            }
          },
          {
            "arguments": [],
            "keyword": "And ",
            "line": 28,
            "name": "I logout",
            "result": {
              "status": "skipped"
            }
          },
          {
            "arguments": [],
            "keyword": "And ",
            "line": 29,
            "name": "I login with the created accountP",
            "result": {
              "status": "skipped"
            }
          },
          {
            "arguments": [],
            "keyword": "Then ",
            "line": 30,
            "name": "I should see the welcome messageP",
            "result": {
              "status": "skipped"
            }
          }
        ]
      },
      {
        "id": "test-web-open-cruise;inscription-compte-particulier-avec-compte-existant",
        "keyword": "Scenario",
        "line": 32,
        "name": "Inscription Compte Particulier Avec Compte Existant",
        "tags": [],
        "type": "scenario",
        "steps": [
          {
            "arguments": [],
            "keyword": "Given ",
            "line": 4,
            "name": "I visit the application",
            "result": {
              "status": "passed",
              "duration": 381000000
            }
          },
          {
            "arguments": [],
            "keyword": "When ",
            "line": 33,
            "name": "I have created a Particulier account Existant",
            "result": {
              "status": "passed",
              "duration": 6486000000
            }
          },
          {
            "arguments": [],
            "keyword": "Then ",
            "line": 34,
            "name": "I should see an error message3",
            "result": {
              "status": "failed",
              "error_message": "AssertionError: Timed out retrying after 4000ms: Expected to find element: `//div[@role=\"alertdialog\"]`, but never found it.\n    at LoginPage.checkErrorMessage (cypress/e2e/pages/LoginPage.js:31:40)\n    at LoginStep.CheckFailMessage (cypress/e2e/steps/LoginStep.js:17:14)\n    at Context.eval (cypress/e2e/cyp_cucumber/OpenCruise/OpenCruise.js:128:12)\n    at Context.resolveAndRunStepDefinition (node_modules/cypress-cucumber-preprocessor/lib/resolveStepDefinition.js:193:0)\n    at Context.eval (node_modules/cypress-cucumber-preprocessor/lib/createTestFromScenario.js:27:0)"
            }
          }
        ]
      }
    ]
  }
]